<?xml version="1.0" encoding="UTF-8"?>
<!-- Generated by org.testng.reporters.JUnitReportReporter -->
<testsuite hostname="DESKTOP-433DJUB" failures="0" tests="20" name="tests.LoginTests" time="29.402" errors="0" timestamp="2025-04-08T04:06:45 CDT" skipped="0">
  <testcase classname="tests.LoginTests" name="loginValidUserClick" time="1.138"/>
  <testcase classname="tests.LoginTests" name="loginWrongUsername" time="0.874"/>
  <testcase classname="tests.LoginTests" name="loginNoPassword" time="0.880"/>
  <testcase classname="tests.LoginTests" name="loginValidUserEnter" time="0.840"/>
  <testcase classname="tests.LoginTests" name="loginWrongPassword" time="0.911"/>
  <testcase classname="tests.LoginTests" name="loginValidUserEnter" time="0.991"/>
  <testcase classname="tests.LoginTests" name="loginValidUserEnter" time="6.014"/>
  <testcase classname="tests.LoginTests" name="loginWrongPassword" time="0.944"/>
  <testcase classname="tests.LoginTests" name="loginValidUserClick" time="6.030"/>
  <testcase classname="tests.LoginTests" name="loginWrongPassword" time="1.076"/>
  <testcase classname="tests.LoginTests" name="loginNoUsername" time="0.502"/>
  <testcase classname="tests.LoginTests" name="loginValidUserClick" time="0.878"/>
  <testcase classname="tests.LoginTests" name="removeErrorMessage" time="1.085"/>
  <testcase classname="tests.LoginTests" name="loginNoPassword" time="0.810"/>
  <testcase classname="tests.LoginTests" name="loginWrongPassword" time="0.929"/>
  <testcase classname="tests.LoginTests" name="loginNoPassword" time="0.955"/>
  <testcase classname="tests.LoginTests" name="loginValidUserEnter" time="1.001"/>
  <testcase classname="tests.LoginTests" name="loginLockedOut" time="1.794"/>
  <testcase classname="tests.LoginTests" name="loginNoPassword" time="0.779"/>
  <testcase classname="tests.LoginTests" name="loginValidUserClick" time="0.971"/>
</testsuite> <!-- tests.LoginTests -->
