<?xml version="1.0" encoding="UTF-8"?>
<!-- Generated by org.testng.reporters.JUnitReportReporter -->
<testsuite hostname="DESKTOP-433DJUB" failures="0" tests="1" name="tests.InventoryTests" time="18.146" errors="0" timestamp="2025-04-08T19:40:38 CDT" skipped="0">
  <testcase classname="tests.InventoryTests" name="inventoryProductPageOnClick" time="18.146"/>
</testsuite> <!-- tests.InventoryTests -->
