<?xml version="1.0" encoding="UTF-8"?>
<!-- Generated by org.testng.reporters.JUnitReportReporter -->
<testsuite hostname="DESKTOP-433DJUB" failures="0" tests="1" name="com.testing.quantinuum.v1.LoginTests" time="1.241" errors="0" timestamp="2025-04-06T23:20:20 CDT" skipped="0">
  <testcase classname="com.testing.quantinuum.v1.LoginTests" name="loginInvalidPassword" time="1.241"/>
</testsuite> <!-- com.testing.quantinuum.v1.LoginTests -->
