<?xml version="1.0" encoding="UTF-8"?>
<!-- Generated by org.testng.reporters.JUnitReportReporter -->
<testsuite hostname="DESKTOP-433DJUB" failures="0" tests="4" name="tests.LoginTests" time="16.711" errors="0" timestamp="2025-04-08T18:10:12 CDT" skipped="0">
  <testcase classname="tests.LoginTests" name="loginValidUserClick" time="8.212"/>
  <testcase classname="tests.LoginTests" name="loginValidUserClick" time="1.418"/>
  <testcase classname="tests.LoginTests" name="loginValidUserClick" time="6.302"/>
  <testcase classname="tests.LoginTests" name="loginValidUserClick" time="0.779"/>
</testsuite> <!-- tests.LoginTests -->
